\BOOKMARK [0][-]{chapter*.1}{\376\377\144\130\211\201}{}% 1
\BOOKMARK [0][-]{chapter*.2}{\376\377\000A\000b\000s\000t\000r\000a\000c\000t}{}% 2
\BOOKMARK [0][-]{toc.0}{\376\377\166\356\137\125}{}% 3
\BOOKMARK [0][-]{chapter*.4}{\376\377\116\073\211\201\173\046\123\367\133\371\161\147\210\150}{}% 4
\BOOKMARK [0][-]{chapter*.5}{\376\377\177\051\165\145\213\315\210\150}{}% 5
\BOOKMARK [0][-]{chapter.1}{\376\377\173\054\116\000\172\340\000\040\176\352\213\272}{}% 6
\BOOKMARK [1][-]{section.1.1}{\376\377\0001\000.\0001\000\040\170\024\172\166\200\314\146\157\116\016\141\017\116\111}{chapter.1}% 7
\BOOKMARK [1][-]{section.1.2}{\376\377\0001\000.\0002\000\040\126\375\121\205\131\026\170\024\172\166\163\260\162\266}{chapter.1}% 8
\BOOKMARK [2][-]{subsection.1.2.1}{\376\377\0001\000.\0002\000.\0001\000\040\163\260\162\266\0001}{section.1.2}% 9
\BOOKMARK [3][-]{subsubsection.1.2.1.1}{\376\377\0001\000.\0002\000.\0001\000.\0001\000\040\163\260\162\266\0001\000.\0001}{subsection.1.2.1}% 10
\BOOKMARK [1][-]{section.1.3}{\376\377\0001\000.\0003\000\040\147\054\145\207\170\024\172\166\121\205\133\271\116\016\215\041\163\056}{chapter.1}% 11
\BOOKMARK [1][-]{section.1.4}{\376\377\0001\000.\0004\000\040\147\054\145\207\176\304\176\307\176\323\147\204}{chapter.1}% 12
\BOOKMARK [0][-]{chapter.2}{\376\377\173\054\116\214\172\340\000\040\170\024\172\166\121\205\133\271\0001}{}% 13
\BOOKMARK [1][-]{section.2.1}{\376\377\0002\000.\0001\000\040\137\025\212\000}{chapter.2}% 14
\BOOKMARK [1][-]{section.2.2}{\376\377\0002\000.\0002\000\040\173\227\154\325\150\106\147\266}{chapter.2}% 15
\BOOKMARK [1][-]{section.2.3}{\376\377\0002\000.\0003\000\040\133\236\232\214\116\016\122\006\147\220}{chapter.2}% 16
\BOOKMARK [0][-]{chapter.3}{\376\377\140\073\176\323\116\016\134\125\147\033\000\040}{}% 17
\BOOKMARK [1][-]{section.3.1}{\376\377\0003\000.\0001\000\040\121\150\145\207\140\073\176\323}{chapter.3}% 18
\BOOKMARK [1][-]{section.3.2}{\376\377\0003\000.\0002\000\040\124\016\176\355\135\345\117\134\134\125\147\033}{chapter.3}% 19
\BOOKMARK [0][-]{chapter*.9}{\376\377\123\302\200\003\145\207\163\056}{}% 20
\BOOKMARK [0][-]{chapter*.10}{\376\377\201\364\214\042}{}% 21
\BOOKMARK [0][-]{appendix.A}{\376\377\226\104\137\125\000A\000\040\213\364\146\016}{}% 22
\BOOKMARK [1][-]{section.A.1}{\376\377\000A\000.\0001\000\040\155\113\213\325}{appendix.A}% 23
\BOOKMARK [0][-]{appendix*.11}{\376\377\116\052\116\272\173\200\123\206}{}% 24
\BOOKMARK [0][-]{appendix*.12}{\376\377\127\050\133\146\147\037\225\364\166\204\170\024\172\166\142\020\147\234\123\312\123\321\210\150\166\204\133\146\147\057\213\272\145\207}{}% 25
